d:\code\kerui\second\qt\q_pc_share\win32\debug\main.obj
d:\code\kerui\second\qt\q_pc_share\win32\debug\ps_socket.obj
d:\code\kerui\second\qt\q_pc_share\win32\debug\cmd_dlg.obj
d:\code\kerui\second\qt\q_pc_share\win32\debug\moc_cmd_dlg.obj
d:\code\kerui\second\qt\q_pc_share\win32\debug\client_session.obj
d:\code\kerui\second\qt\q_pc_share\win32\debug\moc_dps_thd.obj
d:\code\kerui\second\qt\q_pc_share\win32\debug\moc_ps_socket.obj
d:\code\kerui\second\qt\q_pc_share\win32\debug\moc_ps_m_wnd.obj
d:\code\kerui\second\qt\q_pc_share\debug\moc_predefs.h
d:\code\kerui\second\qt\q_pc_share\.\generatedfiles\debug\moc_cmd_dlg.cpp
d:\code\kerui\second\qt\q_pc_share\.\generatedfiles\debug\moc_dps_thd.cpp
d:\code\kerui\second\qt\q_pc_share\.\generatedfiles\debug\moc_ps_m_wnd.cpp
d:\code\kerui\second\qt\q_pc_share\.\generatedfiles\debug\moc_ps_socket.cpp
d:\code\kerui\second\qt\q_pc_share\.\generatedfiles\ui_cmd_dlg.h
d:\code\kerui\second\qt\q_pc_share\.\generatedfiles\ui_ps_m_wnd.h
d:\code\kerui\second\qt\q_pc_share\generatedfiles\debug\moc_cmd_dlg.cpp
d:\code\kerui\second\qt\q_pc_share\generatedfiles\debug\moc_dps_thd.cpp
d:\code\kerui\second\qt\q_pc_share\generatedfiles\debug\moc_ps_m_wnd.cpp
d:\code\kerui\second\qt\q_pc_share\generatedfiles\debug\moc_ps_socket.cpp
d:\code\kerui\second\qt\q_pc_share\generatedfiles\ui_cmd_dlg.h
d:\code\kerui\second\qt\q_pc_share\generatedfiles\ui_ps_m_wnd.h
d:\code\kerui\second\qt\q_pc_share\win32\debug\vc140.pdb
d:\code\kerui\second\qt\q_pc_share\win32\debug\q_pc_share.tlog\cl.command.1.tlog
d:\code\kerui\second\qt\q_pc_share\win32\debug\q_pc_share.tlog\cl.read.1.tlog
d:\code\kerui\second\qt\q_pc_share\win32\debug\q_pc_share.tlog\cl.write.1.tlog
d:\code\kerui\second\qt\q_pc_share\win32\debug\q_pc_share.tlog\custombuild.command.1.tlog
d:\code\kerui\second\qt\q_pc_share\win32\debug\q_pc_share.tlog\custombuild.read.1.tlog
d:\code\kerui\second\qt\q_pc_share\win32\debug\q_pc_share.tlog\custombuild.write.1.tlog
d:\code\kerui\second\qt\q_pc_share\win32\debug\q_pc_share.tlog\qtmoc.read.1u.tlog
d:\code\kerui\second\qt\q_pc_share\win32\debug\q_pc_share.tlog\qtmoc.write.1u.tlog
d:\code\kerui\second\qt\q_pc_share\win32\debug\q_pc_share.tlog\qtuic.read.1u.tlog
d:\code\kerui\second\qt\q_pc_share\win32\debug\q_pc_share.tlog\qtuic.write.1u.tlog
d:\code\kerui\second\qt\q_pc_share\win32\debug\q_pc_share.tlog\q_pc_share.write.1u.tlog
